[0.114s] Invoking command in '/home/olel/Projects/FPMagangBayu24/build/control': /usr/bin/cmake --build /home/olel/Projects/FPMagangBayu24/build/control -- -j16 -l16
[0.202s] [35m[1mScanning dependencies of target bot_control[0m
[0.235s] [ 50%] [32mBuilding CXX object CMakeFiles/bot_control.dir/src/processor.cpp.o[0m
[1.245s] [01m[K/home/olel/Projects/FPMagangBayu24/src/control/src/processor.cpp:60:21:[m[K [01;31m[Kerror: [m[Kâ€˜[01m[Kstring[m[Kâ€™ has not been declared
[1.245s]    60 |     float moveScore([01;31m[Kstring[m[K boardState, int Player, )
[1.245s]       |                     [01;31m[K^~~~~~[m[K
[1.245s] [01m[K/home/olel/Projects/FPMagangBayu24/src/control/src/processor.cpp:60:52:[m[K [01;31m[Kerror: [m[Kexpected identifier before â€˜[01m[K)[m[Kâ€™ token
[1.245s]    60 |     float moveScore(string boardState, int Player, [01;31m[K)[m[K
[1.246s]       |                                                    [01;31m[K^[m[K
[1.246s] [01m[K/home/olel/Projects/FPMagangBayu24/src/control/src/processor.cpp:60:52:[m[K [01;31m[Kerror: [m[Kexpected â€˜[01m[K;[m[Kâ€™ at end of member declaration
[1.246s]    60 |     float moveScore(string boardState, int Player, [01;31m[K)[m[K
[1.246s]       |                                                    [01;31m[K^[m[K
[1.246s]       |                                                     [32m[K;[m[K
[2.474s] make[2]: *** [CMakeFiles/bot_control.dir/build.make:63: CMakeFiles/bot_control.dir/src/processor.cpp.o] Error 1
[2.474s] make[1]: *** [CMakeFiles/Makefile2:78: CMakeFiles/bot_control.dir/all] Error 2
[2.474s] make: *** [Makefile:141: all] Error 2
[2.477s] Invoked command in '/home/olel/Projects/FPMagangBayu24/build/control' returned '2': /usr/bin/cmake --build /home/olel/Projects/FPMagangBayu24/build/control -- -j16 -l16
