[0.204s] Invoking command in '/home/olel/Projects/FPMagangBayu24/build/translator': AMENT_PREFIX_PATH=/home/olel/Projects/FPMagangBayu24/install/arm_interfaces:${AMENT_PREFIX_PATH} CMAKE_PREFIX_PATH=/home/olel/Projects/FPMagangBayu24/install/arm_interfaces:/opt/ros/foxy LD_LIBRARY_PATH=/home/olel/Projects/FPMagangBayu24/install/arm_interfaces/lib:${LD_LIBRARY_PATH} PYTHONPATH=/home/olel/Projects/FPMagangBayu24/install/arm_interfaces/lib/python3.8/site-packages:${PYTHONPATH} /usr/local/bin/cmake --build /home/olel/Projects/FPMagangBayu24/build/translator -- -j16 -l16
[0.237s] [ 50%] [32mBuilding CXX object CMakeFiles/bot_translatator.dir/src/translator.cpp.o[0m
[1.215s] [01m[K/home/olel/Projects/FPMagangBayu24/src/translator/src/translator.cpp:[m[K In constructor â€˜[01m[KTranslatorTicTacToe::TranslatorTicTacToe()[m[Kâ€™:
[1.215s] [01m[K/home/olel/Projects/FPMagangBayu24/src/translator/src/translator.cpp:19:25:[m[K [01;31m[Kerror: [m[Kâ€˜[01m[KMinimalPublisher[m[Kâ€™ has not been declared
[1.215s]    19 |       500ms, std::bind(&[01;31m[KMinimalPublisher[m[K::timer_callback, this));
[1.215s]       |                         [01;31m[K^~~~~~~~~~~~~~~~[m[K
[1.223s] [01m[K/home/olel/Projects/FPMagangBayu24/src/translator/src/translator.cpp:[m[K In function â€˜[01m[Kint main(int, char**)[m[Kâ€™:
[1.223s] [01m[K/home/olel/Projects/FPMagangBayu24/src/translator/src/translator.cpp:39:33:[m[K [01;31m[Kerror: [m[Kâ€˜[01m[KMinimalPublisher[m[Kâ€™ was not declared in this scope
[1.223s]    39 |   rclcpp::spin(std::make_shared<[01;31m[KMinimalPublisher[m[K>());
[1.223s]       |                                 [01;31m[K^~~~~~~~~~~~~~~~[m[K
[1.223s] [01m[K/home/olel/Projects/FPMagangBayu24/src/translator/src/translator.cpp:39:51:[m[K [01;31m[Kerror: [m[Kno matching function for call to â€˜[01m[Kmake_shared<<expression error> >()[m[Kâ€™
[1.223s]    39 |   rclcpp::spin(std::make_shared<MinimalPublisher>([01;31m[K)[m[K);
[1.223s]       |                                                   [01;31m[K^[m[K
[1.223s] In file included from [01m[K/usr/include/c++/9/memory:81[m[K,
[1.223s]                  from [01m[K/home/olel/Projects/FPMagangBayu24/src/translator/src/translator.cpp:3[m[K:
[1.223s] [01m[K/usr/include/c++/9/bits/shared_ptr.h:714:5:[m[K [01;36m[Knote: [m[Kcandidate: â€˜[01m[Ktemplate<class _Tp, class ... _Args> std::shared_ptr<_Tp> std::make_shared(_Args&& ...)[m[Kâ€™
[1.224s]   714 |     [01;36m[Kmake_shared[m[K(_Args&&... __args)
[1.224s]       |     [01;36m[K^~~~~~~~~~~[m[K
[1.224s] [01m[K/usr/include/c++/9/bits/shared_ptr.h:714:5:[m[K [01;36m[Knote: [m[K  template argument deduction/substitution failed:
[1.224s] [01m[K/home/olel/Projects/FPMagangBayu24/src/translator/src/translator.cpp:39:51:[m[K [01;31m[Kerror: [m[Ktemplate argument 1 is invalid
[1.224s]    39 |   rclcpp::spin(std::make_shared<MinimalPublisher>([01;31m[K)[m[K);
[1.224s]       |                                                   [01;31m[K^[m[K
[1.709s] make[2]: *** [CMakeFiles/bot_translatator.dir/build.make:76: CMakeFiles/bot_translatator.dir/src/translator.cpp.o] Error 1
[1.709s] make[1]: *** [CMakeFiles/Makefile2:137: CMakeFiles/bot_translatator.dir/all] Error 2
[1.710s] make: *** [Makefile:146: all] Error 2
[1.712s] Invoked command in '/home/olel/Projects/FPMagangBayu24/build/translator' returned '2': AMENT_PREFIX_PATH=/home/olel/Projects/FPMagangBayu24/install/arm_interfaces:${AMENT_PREFIX_PATH} CMAKE_PREFIX_PATH=/home/olel/Projects/FPMagangBayu24/install/arm_interfaces:/opt/ros/foxy LD_LIBRARY_PATH=/home/olel/Projects/FPMagangBayu24/install/arm_interfaces/lib:${LD_LIBRARY_PATH} PYTHONPATH=/home/olel/Projects/FPMagangBayu24/install/arm_interfaces/lib/python3.8/site-packages:${PYTHONPATH} /usr/local/bin/cmake --build /home/olel/Projects/FPMagangBayu24/build/translator -- -j16 -l16
