[0.094s] Invoking command in '/home/olel/Projects/FPMagangBayu24/build/control': /usr/bin/cmake --build /home/olel/Projects/FPMagangBayu24/build/control -- -j16 -l16
[0.135s] [35m[1mScanning dependencies of target bot_control[0m
[0.159s] [ 50%] [32mBuilding CXX object CMakeFiles/bot_control.dir/src/processor.cpp.o[0m
[1.079s] [01m[K/home/olel/Projects/FPMagangBayu24/src/control/src/processor.cpp:[m[K In member function â€˜[01m[Kint ControllerTicTacToe::moveScore(std::vector<int>, int)[m[Kâ€™:
[1.079s] [01m[K/home/olel/Projects/FPMagangBayu24/src/control/src/processor.cpp:119:7:[m[K [01;31m[Kerror: [m[Kâ€˜[01m[Kscore[m[Kâ€™ was not declared in this scope
[1.079s]   119 |       [01;31m[Kscore[m[K = 0;
[1.079s]       |       [01;31m[K^~~~~[m[K
[1.079s] [01m[K/home/olel/Projects/FPMagangBayu24/src/control/src/processor.cpp:121:24:[m[K [01;35m[Kwarning: [m[Kcomparison of integer expressions of different signedness: â€˜[01m[Kint[m[Kâ€™ and â€˜[01m[Kstd::vector<int>::size_type[m[Kâ€™ {aka â€˜[01m[Klong unsigned int[m[Kâ€™} [[01;35m[K-Wsign-compare[m[K]
[1.079s]   121 |       for(int i = 0; [01;35m[Ki < emptyGrids.size()[m[K; i++)
[1.080s]       |                      [01;35m[K~~^~~~~~~~~~~~~~~~~~~[m[K
[1.080s] [01m[K/home/olel/Projects/FPMagangBayu24/src/control/src/processor.cpp:[m[K In member function â€˜[01m[Kint ControllerTicTacToe::determine(std::vector<int>)[m[Kâ€™:
[1.080s] [01m[K/home/olel/Projects/FPMagangBayu24/src/control/src/processor.cpp:137:24:[m[K [01;35m[Kwarning: [m[Kcomparison of integer expressions of different signedness: â€˜[01m[Kint[m[Kâ€™ and â€˜[01m[Kstd::vector<int>::size_type[m[Kâ€™ {aka â€˜[01m[Klong unsigned int[m[Kâ€™} [[01;35m[K-Wsign-compare[m[K]
[1.080s]   137 |       for(int i = 0; [01;35m[Ki < moves.size()[m[K; i++)
[1.080s]       |                      [01;35m[K~~^~~~~~~~~~~~~~[m[K
[2.228s] make[2]: *** [CMakeFiles/bot_control.dir/build.make:63: CMakeFiles/bot_control.dir/src/processor.cpp.o] Error 1
[2.229s] make[1]: *** [CMakeFiles/Makefile2:78: CMakeFiles/bot_control.dir/all] Error 2
[2.229s] make: *** [Makefile:141: all] Error 2
[2.232s] Invoked command in '/home/olel/Projects/FPMagangBayu24/build/control' returned '2': /usr/bin/cmake --build /home/olel/Projects/FPMagangBayu24/build/control -- -j16 -l16
