[01m[K/home/olel/Projects/FPMagangBayu24/src/translator/src/translator.cpp:32:23:[m[K [01;31m[Kerror: [m[Kâ€˜[01m[Karm_interfacecs[m[Kâ€™ was not declared in this scope; did you mean â€˜[01m[Karm_interfaces[m[Kâ€™?
   32 |     rclcpp::Publisher<[01;31m[Karm_interfacecs[m[K::msg::ServoParameters>::SharedPtr publisher_;
      |                       [01;31m[K^~~~~~~~~~~~~~~[m[K
      |                       [32m[Karm_interfaces[m[K
[01m[K/home/olel/Projects/FPMagangBayu24/src/translator/src/translator.cpp:32:60:[m[K [01;31m[Kerror: [m[Ktemplate argument 1 is invalid
   32 |     rclcpp::Publisher<arm_interfacecs::msg::ServoParameters[01;31m[K>[m[K::SharedPtr publisher_;
      |                                                            [01;31m[K^[m[K
[01m[K/home/olel/Projects/FPMagangBayu24/src/translator/src/translator.cpp:32:63:[m[K [01;31m[Kerror: [m[Kexpected â€˜[01m[K;[m[Kâ€™ at end of member declaration
   32 |     rclcpp::Publisher<arm_interfacecs::msg::ServoParameters>::[01;31m[KSharedPtr[m[K publisher_;
      |                                                               [01;31m[K^~~~~~~~~[m[K
      |                                                                        [32m[K;[m[K
[01m[K/home/olel/Projects/FPMagangBayu24/src/translator/src/translator.cpp:32:73:[m[K [01;31m[Kerror: [m[Kâ€˜[01m[Kpublisher_[m[Kâ€™ does not name a type; did you mean â€˜[01m[Krcl_publisher_t[m[Kâ€™?
   32 |     rclcpp::Publisher<arm_interfacecs::msg::ServoParameters>::SharedPtr [01;31m[Kpublisher_[m[K;
      |                                                                         [01;31m[K^~~~~~~~~~[m[K
      |                                                                         [32m[Krcl_publisher_t[m[K
[01m[K/home/olel/Projects/FPMagangBayu24/src/translator/src/translator.cpp:[m[K In constructor â€˜[01m[KTranslatorTicTacToe::TranslatorTicTacToe()[m[Kâ€™:
[01m[K/home/olel/Projects/FPMagangBayu24/src/translator/src/translator.cpp:17:7:[m[K [01;31m[Kerror: [m[Kâ€˜[01m[Kpublisher_[m[Kâ€™ was not declared in this scope; did you mean â€˜[01m[Krcl_publisher_t[m[Kâ€™?
   17 |       [01;31m[Kpublisher_[m[K = this->create_publisher<arm_interfaces::msg::ServoParameters>("topic_tes", 10);
      |       [01;31m[K^~~~~~~~~~[m[K
      |       [32m[Krcl_publisher_t[m[K
[01m[K/home/olel/Projects/FPMagangBayu24/src/translator/src/translator.cpp:19:25:[m[K [01;31m[Kerror: [m[Kâ€˜[01m[KMinimalPublisher[m[Kâ€™ has not been declared
   19 |       500ms, std::bind(&[01;31m[KMinimalPublisher[m[K::timer_callback, this));
      |                         [01;31m[K^~~~~~~~~~~~~~~~[m[K
[01m[K/home/olel/Projects/FPMagangBayu24/src/translator/src/translator.cpp:[m[K In member function â€˜[01m[Kvoid TranslatorTicTacToe::timer_callback()[m[Kâ€™:
[01m[K/home/olel/Projects/FPMagangBayu24/src/translator/src/translator.cpp:29:7:[m[K [01;31m[Kerror: [m[Kâ€˜[01m[Kpublisher_[m[Kâ€™ was not declared in this scope; did you mean â€˜[01m[Krcl_publisher_t[m[Kâ€™?
   29 |       [01;31m[Kpublisher_[m[K->publish(message);
      |       [01;31m[K^~~~~~~~~~[m[K
      |       [32m[Krcl_publisher_t[m[K
[01m[K/home/olel/Projects/FPMagangBayu24/src/translator/src/translator.cpp:[m[K In function â€˜[01m[Kint main(int, char**)[m[Kâ€™:
[01m[K/home/olel/Projects/FPMagangBayu24/src/translator/src/translator.cpp:39:33:[m[K [01;31m[Kerror: [m[Kâ€˜[01m[KMinimalPublisher[m[Kâ€™ was not declared in this scope
   39 |   rclcpp::spin(std::make_shared<[01;31m[KMinimalPublisher[m[K>());
      |                                 [01;31m[K^~~~~~~~~~~~~~~~[m[K
[01m[K/home/olel/Projects/FPMagangBayu24/src/translator/src/translator.cpp:39:51:[m[K [01;31m[Kerror: [m[Kno matching function for call to â€˜[01m[Kmake_shared<<expression error> >()[m[Kâ€™
   39 |   rclcpp::spin(std::make_shared<MinimalPublisher>([01;31m[K)[m[K);
      |                                                   [01;31m[K^[m[K
In file included from [01m[K/usr/include/c++/9/memory:81[m[K,
                 from [01m[K/home/olel/Projects/FPMagangBayu24/src/translator/src/translator.cpp:3[m[K:
[01m[K/usr/include/c++/9/bits/shared_ptr.h:714:5:[m[K [01;36m[Knote: [m[Kcandidate: â€˜[01m[Ktemplate<class _Tp, class ... _Args> std::shared_ptr<_Tp> std::make_shared(_Args&& ...)[m[Kâ€™
  714 |     [01;36m[Kmake_shared[m[K(_Args&&... __args)
      |     [01;36m[K^~~~~~~~~~~[m[K
[01m[K/usr/include/c++/9/bits/shared_ptr.h:714:5:[m[K [01;36m[Knote: [m[K  template argument deduction/substitution failed:
[01m[K/home/olel/Projects/FPMagangBayu24/src/translator/src/translator.cpp:39:51:[m[K [01;31m[Kerror: [m[Ktemplate argument 1 is invalid
   39 |   rclcpp::spin(std::make_shared<MinimalPublisher>([01;31m[K)[m[K);
      |                                                   [01;31m[K^[m[K
make[2]: *** [CMakeFiles/bot_translatator.dir/build.make:76: CMakeFiles/bot_translatator.dir/src/translator.cpp.o] Error 1
make[1]: *** [CMakeFiles/Makefile2:137: CMakeFiles/bot_translatator.dir/all] Error 2
make: *** [Makefile:146: all] Error 2
