[0.193s] Invoking command in '/home/olel/Projects/FPMagangBayu24/build/translator': AMENT_PREFIX_PATH=/home/olel/Projects/FPMagangBayu24/install/arm_interfaces:${AMENT_PREFIX_PATH} CMAKE_PREFIX_PATH=/home/olel/Projects/FPMagangBayu24/install/arm_interfaces:/opt/ros/foxy LD_LIBRARY_PATH=/home/olel/Projects/FPMagangBayu24/install/arm_interfaces/lib:${LD_LIBRARY_PATH} PYTHONPATH=/home/olel/Projects/FPMagangBayu24/install/arm_interfaces/lib/python3.8/site-packages:${PYTHONPATH} /usr/local/bin/cmake --build /home/olel/Projects/FPMagangBayu24/build/translator -- -j16 -l16
[0.223s] [ 50%] [32mBuilding CXX object CMakeFiles/bot_translatator.dir/src/translator.cpp.o[0m
[1.206s] [01m[K/home/olel/Projects/FPMagangBayu24/src/translator/src/translator.cpp:32:23:[m[K [01;31m[Kerror: [m[Kâ€˜[01m[Karm_interfacecs[m[Kâ€™ was not declared in this scope; did you mean â€˜[01m[Karm_interfaces[m[Kâ€™?
[1.206s]    32 |     rclcpp::Publisher<[01;31m[Karm_interfacecs[m[K::msg::ServoParameters>::SharedPtr publisher_;
[1.206s]       |                       [01;31m[K^~~~~~~~~~~~~~~[m[K
[1.206s]       |                       [32m[Karm_interfaces[m[K
[1.206s] [01m[K/home/olel/Projects/FPMagangBayu24/src/translator/src/translator.cpp:32:60:[m[K [01;31m[Kerror: [m[Ktemplate argument 1 is invalid
[1.206s]    32 |     rclcpp::Publisher<arm_interfacecs::msg::ServoParameters[01;31m[K>[m[K::SharedPtr publisher_;
[1.206s]       |                                                            [01;31m[K^[m[K
[1.207s] [01m[K/home/olel/Projects/FPMagangBayu24/src/translator/src/translator.cpp:32:63:[m[K [01;31m[Kerror: [m[Kexpected â€˜[01m[K;[m[Kâ€™ at end of member declaration
[1.207s]    32 |     rclcpp::Publisher<arm_interfacecs::msg::ServoParameters>::[01;31m[KSharedPtr[m[K publisher_;
[1.207s]       |                                                               [01;31m[K^~~~~~~~~[m[K
[1.207s]       |                                                                        [32m[K;[m[K
[1.207s] [01m[K/home/olel/Projects/FPMagangBayu24/src/translator/src/translator.cpp:32:73:[m[K [01;31m[Kerror: [m[Kâ€˜[01m[Kpublisher_[m[Kâ€™ does not name a type; did you mean â€˜[01m[Krcl_publisher_t[m[Kâ€™?
[1.207s]    32 |     rclcpp::Publisher<arm_interfacecs::msg::ServoParameters>::SharedPtr [01;31m[Kpublisher_[m[K;
[1.207s]       |                                                                         [01;31m[K^~~~~~~~~~[m[K
[1.207s]       |                                                                         [32m[Krcl_publisher_t[m[K
[1.210s] [01m[K/home/olel/Projects/FPMagangBayu24/src/translator/src/translator.cpp:[m[K In constructor â€˜[01m[KTranslatorTicTacToe::TranslatorTicTacToe()[m[Kâ€™:
[1.210s] [01m[K/home/olel/Projects/FPMagangBayu24/src/translator/src/translator.cpp:17:7:[m[K [01;31m[Kerror: [m[Kâ€˜[01m[Kpublisher_[m[Kâ€™ was not declared in this scope; did you mean â€˜[01m[Krcl_publisher_t[m[Kâ€™?
[1.210s]    17 |       [01;31m[Kpublisher_[m[K = this->create_publisher<arm_interfaces::msg::ServoParameters>("topic_tes", 10);
[1.210s]       |       [01;31m[K^~~~~~~~~~[m[K
[1.210s]       |       [32m[Krcl_publisher_t[m[K
[1.212s] [01m[K/home/olel/Projects/FPMagangBayu24/src/translator/src/translator.cpp:19:25:[m[K [01;31m[Kerror: [m[Kâ€˜[01m[KMinimalPublisher[m[Kâ€™ has not been declared
[1.213s]    19 |       500ms, std::bind(&[01;31m[KMinimalPublisher[m[K::timer_callback, this));
[1.213s]       |                         [01;31m[K^~~~~~~~~~~~~~~~[m[K
[1.215s] [01m[K/home/olel/Projects/FPMagangBayu24/src/translator/src/translator.cpp:[m[K In member function â€˜[01m[Kvoid TranslatorTicTacToe::timer_callback()[m[Kâ€™:
[1.215s] [01m[K/home/olel/Projects/FPMagangBayu24/src/translator/src/translator.cpp:29:7:[m[K [01;31m[Kerror: [m[Kâ€˜[01m[Kpublisher_[m[Kâ€™ was not declared in this scope; did you mean â€˜[01m[Krcl_publisher_t[m[Kâ€™?
[1.215s]    29 |       [01;31m[Kpublisher_[m[K->publish(message);
[1.215s]       |       [01;31m[K^~~~~~~~~~[m[K
[1.215s]       |       [32m[Krcl_publisher_t[m[K
[1.217s] [01m[K/home/olel/Projects/FPMagangBayu24/src/translator/src/translator.cpp:[m[K In function â€˜[01m[Kint main(int, char**)[m[Kâ€™:
[1.217s] [01m[K/home/olel/Projects/FPMagangBayu24/src/translator/src/translator.cpp:39:33:[m[K [01;31m[Kerror: [m[Kâ€˜[01m[KMinimalPublisher[m[Kâ€™ was not declared in this scope
[1.217s]    39 |   rclcpp::spin(std::make_shared<[01;31m[KMinimalPublisher[m[K>());
[1.217s]       |                                 [01;31m[K^~~~~~~~~~~~~~~~[m[K
[1.217s] [01m[K/home/olel/Projects/FPMagangBayu24/src/translator/src/translator.cpp:39:51:[m[K [01;31m[Kerror: [m[Kno matching function for call to â€˜[01m[Kmake_shared<<expression error> >()[m[Kâ€™
[1.218s]    39 |   rclcpp::spin(std::make_shared<MinimalPublisher>([01;31m[K)[m[K);
[1.218s]       |                                                   [01;31m[K^[m[K
[1.218s] In file included from [01m[K/usr/include/c++/9/memory:81[m[K,
[1.218s]                  from [01m[K/home/olel/Projects/FPMagangBayu24/src/translator/src/translator.cpp:3[m[K:
[1.218s] [01m[K/usr/include/c++/9/bits/shared_ptr.h:714:5:[m[K [01;36m[Knote: [m[Kcandidate: â€˜[01m[Ktemplate<class _Tp, class ... _Args> std::shared_ptr<_Tp> std::make_shared(_Args&& ...)[m[Kâ€™
[1.218s]   714 |     [01;36m[Kmake_shared[m[K(_Args&&... __args)
[1.218s]       |     [01;36m[K^~~~~~~~~~~[m[K
[1.218s] [01m[K/usr/include/c++/9/bits/shared_ptr.h:714:5:[m[K [01;36m[Knote: [m[K  template argument deduction/substitution failed:
[1.219s] [01m[K/home/olel/Projects/FPMagangBayu24/src/translator/src/translator.cpp:39:51:[m[K [01;31m[Kerror: [m[Ktemplate argument 1 is invalid
[1.219s]    39 |   rclcpp::spin(std::make_shared<MinimalPublisher>([01;31m[K)[m[K);
[1.219s]       |                                                   [01;31m[K^[m[K
[1.692s] make[2]: *** [CMakeFiles/bot_translatator.dir/build.make:76: CMakeFiles/bot_translatator.dir/src/translator.cpp.o] Error 1
[1.692s] make[1]: *** [CMakeFiles/Makefile2:137: CMakeFiles/bot_translatator.dir/all] Error 2
[1.693s] make: *** [Makefile:146: all] Error 2
[1.695s] Invoked command in '/home/olel/Projects/FPMagangBayu24/build/translator' returned '2': AMENT_PREFIX_PATH=/home/olel/Projects/FPMagangBayu24/install/arm_interfaces:${AMENT_PREFIX_PATH} CMAKE_PREFIX_PATH=/home/olel/Projects/FPMagangBayu24/install/arm_interfaces:/opt/ros/foxy LD_LIBRARY_PATH=/home/olel/Projects/FPMagangBayu24/install/arm_interfaces/lib:${LD_LIBRARY_PATH} PYTHONPATH=/home/olel/Projects/FPMagangBayu24/install/arm_interfaces/lib/python3.8/site-packages:${PYTHONPATH} /usr/local/bin/cmake --build /home/olel/Projects/FPMagangBayu24/build/translator -- -j16 -l16
