[0.180s] Invoking command in '/home/olel/Projects/FPMagangBayu24/build/control': /usr/bin/cmake --build /home/olel/Projects/FPMagangBayu24/build/control -- -j16 -l16
[0.219s] [35m[1mScanning dependencies of target bot_control[0m
[0.245s] [ 50%] [32mBuilding CXX object CMakeFiles/bot_control.dir/src/processor.cpp.o[0m
[1.180s] [01m[K/home/olel/Projects/FPMagangBayu24/src/control/src/processor.cpp:[m[K In constructor â€˜[01m[KControllerTicTacToe::ControllerTicTacToe()[m[Kâ€™:
[1.181s] [01m[K/home/olel/Projects/FPMagangBayu24/src/control/src/processor.cpp:21:78:[m[K [01;31m[Kerror: [m[Kâ€˜[01m[K_1[m[Kâ€™ was not declared in this scope; did you mean â€˜[01m[Kstd::placeholders::_1[m[Kâ€™?
[1.181s]    21 |       "ttt_state", 10, std::bind(&ControllerTicTacToe::topic_callback, this, [01;31m[K_1[m[K));
[1.181s]       |                                                                              [01;31m[K^~[m[K
[1.181s]       |                                                                              [32m[Kstd::placeholders::_1[m[K
[1.181s] In file included from [01m[K/home/olel/Projects/FPMagangBayu24/src/control/src/processor.cpp:2[m[K:
[1.181s] [01m[K/usr/include/c++/9/functional:211:34:[m[K [01;36m[Knote: [m[Kâ€˜[01m[Kstd::placeholders::_1[m[Kâ€™ declared here
[1.181s]   211 |     extern const _Placeholder<1> [01;36m[K_1[m[K;
[1.182s]       |                                  [01;36m[K^~[m[K
[1.986s] make[2]: *** [CMakeFiles/bot_control.dir/build.make:63: CMakeFiles/bot_control.dir/src/processor.cpp.o] Error 1
[1.986s] make[1]: *** [CMakeFiles/Makefile2:78: CMakeFiles/bot_control.dir/all] Error 2
[1.986s] make: *** [Makefile:141: all] Error 2
[1.990s] Invoked command in '/home/olel/Projects/FPMagangBayu24/build/control' returned '2': /usr/bin/cmake --build /home/olel/Projects/FPMagangBayu24/build/control -- -j16 -l16
