[0.155s] Invoking command in '/home/olel/Projects/FPMagangBayu24/build/arm_interfaces': /usr/local/bin/cmake --build /home/olel/Projects/FPMagangBayu24/build/arm_interfaces -- -j16 -l16
[0.193s] -- Found ament_cmake: 0.9.12 (/opt/ros/foxy/share/ament_cmake/cmake)
[0.199s] [33mCMake Warning (dev) at /opt/ros/foxy/share/ament_cmake_core/cmake/core/python.cmake:22 (find_package):
[0.199s]   Policy CMP0148 is not set: The FindPythonInterp and FindPythonLibs modules
[0.199s]   are removed.  Run "cmake --help-policy CMP0148" for policy details.  Use
[0.199s]   the cmake_policy command to set the policy and suppress this warning.
[0.199s] 
[0.200s] Call Stack (most recent call first):
[0.200s]   /opt/ros/foxy/share/ament_cmake_core/cmake/core/all.cmake:53 (include)
[0.200s]   /opt/ros/foxy/share/ament_cmake_core/cmake/ament_cmake_core-extras.cmake:17 (include)
[0.200s]   /opt/ros/foxy/share/ament_cmake_core/cmake/ament_cmake_coreConfig.cmake:41 (include)
[0.200s]   /opt/ros/foxy/share/ament_cmake/cmake/ament_cmake_export_dependencies-extras.cmake:15 (find_package)
[0.200s]   /opt/ros/foxy/share/ament_cmake/cmake/ament_cmakeConfig.cmake:41 (include)
[0.200s]   CMakeLists.txt:18 (find_package)
[0.200s] This warning is for project developers.  Use -Wno-dev to suppress it.
[0.200s] [0m
[0.222s] -- Found PythonInterp: /usr/bin/python3 (found suitable version "3.8.10", minimum required is "3")
[0.223s] -- Using PYTHON_EXECUTABLE: /usr/bin/python3
[0.324s] Traceback (most recent call last):
[0.324s]   File "/opt/ros/foxy/share/ament_cmake_core/cmake/package_templates/templates_2_cmake.py", line 21, in <module>
[0.324s]     from ament_package.templates import get_environment_hook_template_path
[0.324s] ModuleNotFoundError: No module named 'ament_package'
[0.340s] [31mCMake Error at /opt/ros/foxy/share/ament_cmake_core/cmake/ament_cmake_package_templates-extras.cmake:41 (message):
[0.340s]   execute_process(/usr/bin/python3
[0.340s]   /opt/ros/foxy/share/ament_cmake_core/cmake/package_templates/templates_2_cmake.py
[0.340s]   /home/olel/Projects/FPMagangBayu24/build/arm_interfaces/ament_cmake_package_templates/templates.cmake)
[0.340s]   returned error code 1
[0.340s] Call Stack (most recent call first):
[0.340s]   /opt/ros/foxy/share/ament_cmake_core/cmake/ament_cmake_coreConfig.cmake:41 (include)
[0.341s]   /opt/ros/foxy/share/ament_cmake/cmake/ament_cmake_export_dependencies-extras.cmake:15 (find_package)
[0.341s]   /opt/ros/foxy/share/ament_cmake/cmake/ament_cmakeConfig.cmake:41 (include)
[0.341s]   CMakeLists.txt:18 (find_package)
[0.341s] 
[0.341s] [0m
[0.341s] -- Configuring incomplete, errors occurred!
[0.342s] make: *** [Makefile:719: cmake_check_build_system] Error 1
[0.344s] Invoked command in '/home/olel/Projects/FPMagangBayu24/build/arm_interfaces' returned '2': /usr/local/bin/cmake --build /home/olel/Projects/FPMagangBayu24/build/arm_interfaces -- -j16 -l16
