[33mCMake Warning (dev) at /opt/ros/foxy/share/ament_cmake_core/cmake/core/python.cmake:22 (find_package):
  Policy CMP0148 is not set: The FindPythonInterp and FindPythonLibs modules
  are removed.  Run "cmake --help-policy CMP0148" for policy details.  Use
  the cmake_policy command to set the policy and suppress this warning.

Call Stack (most recent call first):
  /opt/ros/foxy/share/ament_cmake_core/cmake/core/all.cmake:53 (include)
  /opt/ros/foxy/share/ament_cmake_core/cmake/ament_cmake_core-extras.cmake:17 (include)
  /opt/ros/foxy/share/ament_cmake_core/cmake/ament_cmake_coreConfig.cmake:41 (include)
  /opt/ros/foxy/share/ament_cmake/cmake/ament_cmake_export_dependencies-extras.cmake:15 (find_package)
  /opt/ros/foxy/share/ament_cmake/cmake/ament_cmakeConfig.cmake:41 (include)
  CMakeLists.txt:19 (find_package)
This warning is for project developers.  Use -Wno-dev to suppress it.
[0m
[01m[K/home/olel/Projects/FPMagangBayu24/src/translator/src/translator.cpp:31:23:[m[K [01;31m[Kerror: [m[Kâ€˜[01m[Kstd_msgs[m[Kâ€™ was not declared in this scope
   31 |     rclcpp::Publisher<[01;31m[Kstd_msgs[m[K::msg::String>::SharedPtr publisher_;
      |                       [01;31m[K^~~~~~~~[m[K
[01m[K/home/olel/Projects/FPMagangBayu24/src/translator/src/translator.cpp:31:44:[m[K [01;31m[Kerror: [m[Ktemplate argument 1 is invalid
   31 |     rclcpp::Publisher<std_msgs::msg::String[01;31m[K>[m[K::SharedPtr publisher_;
      |                                            [01;31m[K^[m[K
[01m[K/home/olel/Projects/FPMagangBayu24/src/translator/src/translator.cpp:31:47:[m[K [01;31m[Kerror: [m[Kexpected â€˜[01m[K;[m[Kâ€™ at end of member declaration
   31 |     rclcpp::Publisher<std_msgs::msg::String>::[01;31m[KSharedPtr[m[K publisher_;
      |                                               [01;31m[K^~~~~~~~~[m[K
      |                                                        [32m[K;[m[K
[01m[K/home/olel/Projects/FPMagangBayu24/src/translator/src/translator.cpp:31:57:[m[K [01;31m[Kerror: [m[Kâ€˜[01m[Kpublisher_[m[Kâ€™ does not name a type; did you mean â€˜[01m[Krcl_publisher_t[m[Kâ€™?
   31 |     rclcpp::Publisher<std_msgs::msg::String>::SharedPtr [01;31m[Kpublisher_[m[K;
      |                                                         [01;31m[K^~~~~~~~~~[m[K
      |                                                         [32m[Krcl_publisher_t[m[K
[01m[K/home/olel/Projects/FPMagangBayu24/src/translator/src/translator.cpp:[m[K In constructor â€˜[01m[KTranslatorTicTacToe::TranslatorTicTacToe()[m[Kâ€™:
[01m[K/home/olel/Projects/FPMagangBayu24/src/translator/src/translator.cpp:17:7:[m[K [01;31m[Kerror: [m[Kâ€˜[01m[Kpublisher_[m[Kâ€™ was not declared in this scope; did you mean â€˜[01m[Krcl_publisher_t[m[Kâ€™?
   17 |       [01;31m[Kpublisher_[m[K = this->create_publisher<std_msgs::msg::String>("topic_tes", 10);
      |       [01;31m[K^~~~~~~~~~[m[K
      |       [32m[Krcl_publisher_t[m[K
[01m[K/home/olel/Projects/FPMagangBayu24/src/translator/src/translator.cpp:17:43:[m[K [01;31m[Kerror: [m[Kâ€˜[01m[Kstd_msgs[m[Kâ€™ was not declared in this scope
   17 |       publisher_ = this->create_publisher<[01;31m[Kstd_msgs[m[K::msg::String>("topic_tes", 10);
      |                                           [01;31m[K^~~~~~~~[m[K
[01m[K/home/olel/Projects/FPMagangBayu24/src/translator/src/translator.cpp:17:26:[m[K [01;31m[Kerror: [m[Kparse error in template argument list
   17 |       publisher_ = this->[01;31m[Kcreate_publisher<std_msgs::msg::String>[m[K("topic_tes", 10);
      |                          [01;31m[K^~~~~~~~~~~~~~~~~~~~~~~~~~~~~~~~~~~~~~~[m[K
[01m[K/home/olel/Projects/FPMagangBayu24/src/translator/src/translator.cpp:17:81:[m[K [01;31m[Kerror: [m[Kno matching function for call to â€˜[01m[KTranslatorTicTacToe::create_publisher<<expression error> >(const char [10], int)[m[Kâ€™
   17 |       publisher_ = this->create_publisher<std_msgs::msg::String>("topic_tes", 10[01;31m[K)[m[K;
      |                                                                                 [01;31m[K^[m[K
In file included from [01m[K/opt/ros/foxy/include/rclcpp/executors/single_threaded_executor.hpp:28[m[K,
                 from [01m[K/opt/ros/foxy/include/rclcpp/executors.hpp:22[m[K,
                 from [01m[K/opt/ros/foxy/include/rclcpp/rclcpp.hpp:146[m[K,
                 from [01m[K/home/olel/Projects/FPMagangBayu24/src/translator/src/translator.cpp:6[m[K:
[01m[K/opt/ros/foxy/include/rclcpp/node.hpp:184:3:[m[K [01;36m[Knote: [m[Kcandidate: â€˜[01m[Ktemplate<class MessageT, class AllocatorT, class PublisherT> std::shared_ptr<PublisherT> rclcpp::Node::create_publisher(const string&, const rclcpp::QoS&, const rclcpp::PublisherOptionsWithAllocator<AllocatorT>&)[m[Kâ€™
  184 |   [01;36m[Kcreate_publisher[m[K(
      |   [01;36m[K^~~~~~~~~~~~~~~~[m[K
[01m[K/opt/ros/foxy/include/rclcpp/node.hpp:184:3:[m[K [01;36m[Knote: [m[K  template argument deduction/substitution failed:
[01m[K/home/olel/Projects/FPMagangBayu24/src/translator/src/translator.cpp:17:81:[m[K [01;31m[Kerror: [m[Ktemplate argument 1 is invalid
   17 |       publisher_ = this->create_publisher<std_msgs::msg::String>("topic_tes", 10[01;31m[K)[m[K;
      |                                                                                 [01;31m[K^[m[K
[01m[K/home/olel/Projects/FPMagangBayu24/src/translator/src/translator.cpp:19:25:[m[K [01;31m[Kerror: [m[Kâ€˜[01m[KMinimalPublisher[m[Kâ€™ has not been declared
   19 |       500ms, std::bind(&[01;31m[KMinimalPublisher[m[K::timer_callback, this));
      |                         [01;31m[K^~~~~~~~~~~~~~~~[m[K
In file included from [01m[K/opt/ros/foxy/include/rclcpp/client.hpp:40[m[K,
                 from [01m[K/opt/ros/foxy/include/rclcpp/callback_group.hpp:23[m[K,
                 from [01m[K/opt/ros/foxy/include/rclcpp/any_executable.hpp:20[m[K,
                 from [01m[K/opt/ros/foxy/include/rclcpp/memory_strategy.hpp:24[m[K,
                 from [01m[K/opt/ros/foxy/include/rclcpp/memory_strategies.hpp:18[m[K,
                 from [01m[K/opt/ros/foxy/include/rclcpp/executor_options.hpp:20[m[K,
                 from [01m[K/opt/ros/foxy/include/rclcpp/executor.hpp:33[m[K,
                 from [01m[K/opt/ros/foxy/include/rclcpp/executors/multi_threaded_executor.hpp:26[m[K,
                 from [01m[K/opt/ros/foxy/include/rclcpp/executors.hpp:21[m[K,
                 from [01m[K/opt/ros/foxy/include/rclcpp/rclcpp.hpp:146[m[K,
                 from [01m[K/home/olel/Projects/FPMagangBayu24/src/translator/src/translator.cpp:6[m[K:
[01m[K/home/olel/Projects/FPMagangBayu24/src/translator/src/translator.cpp:[m[K In member function â€˜[01m[Kvoid TranslatorTicTacToe::timer_callback()[m[Kâ€™:
[01m[K/home/olel/Projects/FPMagangBayu24/src/translator/src/translator.cpp:27:67:[m[K [01;31m[Kerror: [m[Kâ€˜[01m[Kstruct arm_interfaces::msg::ServoParameters_<std::allocator<void> >[m[Kâ€™ has no member named â€˜[01m[Kdata[m[Kâ€™
   27 |       RCLCPP_INFO(this->get_logger(), "Publishing: '%s'", message.[01;31m[Kdata[m[K.c_str());
      |                                                                   [01;31m[K^~~~[m[K
[01m[K/home/olel/Projects/FPMagangBayu24/src/translator/src/translator.cpp:28:7:[m[K [01;31m[Kerror: [m[Kâ€˜[01m[Kpublisher_[m[Kâ€™ was not declared in this scope; did you mean â€˜[01m[Krcl_publisher_t[m[Kâ€™?
   28 |       [01;31m[Kpublisher_[m[K->publish(message);
      |       [01;31m[K^~~~~~~~~~[m[K
      |       [32m[Krcl_publisher_t[m[K
[01m[K/home/olel/Projects/FPMagangBayu24/src/translator/src/translator.cpp:[m[K In function â€˜[01m[Kint main(int, char**)[m[Kâ€™:
[01m[K/home/olel/Projects/FPMagangBayu24/src/translator/src/translator.cpp:38:33:[m[K [01;31m[Kerror: [m[Kâ€˜[01m[KMinimalPublisher[m[Kâ€™ was not declared in this scope
   38 |   rclcpp::spin(std::make_shared<[01;31m[KMinimalPublisher[m[K>());
      |                                 [01;31m[K^~~~~~~~~~~~~~~~[m[K
[01m[K/home/olel/Projects/FPMagangBayu24/src/translator/src/translator.cpp:38:51:[m[K [01;31m[Kerror: [m[Kno matching function for call to â€˜[01m[Kmake_shared<<expression error> >()[m[Kâ€™
   38 |   rclcpp::spin(std::make_shared<MinimalPublisher>([01;31m[K)[m[K);
      |                                                   [01;31m[K^[m[K
In file included from [01m[K/usr/include/c++/9/memory:81[m[K,
                 from [01m[K/home/olel/Projects/FPMagangBayu24/src/translator/src/translator.cpp:3[m[K:
[01m[K/usr/include/c++/9/bits/shared_ptr.h:714:5:[m[K [01;36m[Knote: [m[Kcandidate: â€˜[01m[Ktemplate<class _Tp, class ... _Args> std::shared_ptr<_Tp> std::make_shared(_Args&& ...)[m[Kâ€™
  714 |     [01;36m[Kmake_shared[m[K(_Args&&... __args)
      |     [01;36m[K^~~~~~~~~~~[m[K
[01m[K/usr/include/c++/9/bits/shared_ptr.h:714:5:[m[K [01;36m[Knote: [m[K  template argument deduction/substitution failed:
[01m[K/home/olel/Projects/FPMagangBayu24/src/translator/src/translator.cpp:38:51:[m[K [01;31m[Kerror: [m[Ktemplate argument 1 is invalid
   38 |   rclcpp::spin(std::make_shared<MinimalPublisher>([01;31m[K)[m[K);
      |                                                   [01;31m[K^[m[K
make[2]: *** [CMakeFiles/bot_translatator.dir/build.make:76: CMakeFiles/bot_translatator.dir/src/translator.cpp.o] Error 1
make[1]: *** [CMakeFiles/Makefile2:137: CMakeFiles/bot_translatator.dir/all] Error 2
make: *** [Makefile:146: all] Error 2
