[0.192s] Invoking command in '/home/olel/Projects/FPMagangBayu24/build/translator': AMENT_PREFIX_PATH=/home/olel/Projects/FPMagangBayu24/install/arm_interfaces:${AMENT_PREFIX_PATH} CMAKE_PREFIX_PATH=/home/olel/Projects/FPMagangBayu24/install/arm_interfaces:/opt/ros/foxy LD_LIBRARY_PATH=/home/olel/Projects/FPMagangBayu24/install/arm_interfaces/lib:${LD_LIBRARY_PATH} PYTHONPATH=/home/olel/Projects/FPMagangBayu24/install/arm_interfaces/lib/python3.8/site-packages:${PYTHONPATH} /usr/local/bin/cmake /home/olel/Projects/FPMagangBayu24/src/translator -DCMAKE_INSTALL_PREFIX=/home/olel/Projects/FPMagangBayu24/install/translator
[0.200s] -- Found ament_cmake: 0.9.12 (/opt/ros/foxy/share/ament_cmake/cmake)
[0.200s] [33mCMake Warning (dev) at /opt/ros/foxy/share/ament_cmake_core/cmake/core/python.cmake:22 (find_package):
[0.201s]   Policy CMP0148 is not set: The FindPythonInterp and FindPythonLibs modules
[0.201s]   are removed.  Run "cmake --help-policy CMP0148" for policy details.  Use
[0.201s]   the cmake_policy command to set the policy and suppress this warning.
[0.201s] 
[0.201s] Call Stack (most recent call first):
[0.201s]   /opt/ros/foxy/share/ament_cmake_core/cmake/core/all.cmake:53 (include)
[0.201s]   /opt/ros/foxy/share/ament_cmake_core/cmake/ament_cmake_core-extras.cmake:17 (include)
[0.201s]   /opt/ros/foxy/share/ament_cmake_core/cmake/ament_cmake_coreConfig.cmake:41 (include)
[0.201s]   /opt/ros/foxy/share/ament_cmake/cmake/ament_cmake_export_dependencies-extras.cmake:15 (find_package)
[0.201s]   /opt/ros/foxy/share/ament_cmake/cmake/ament_cmakeConfig.cmake:41 (include)
[0.201s]   CMakeLists.txt:19 (find_package)
[0.201s] This warning is for project developers.  Use -Wno-dev to suppress it.
[0.201s] [0m
[0.221s] -- Using PYTHON_EXECUTABLE: /usr/bin/python3
[0.354s] -- Found rclcpp: 2.4.3 (/opt/ros/foxy/share/rclcpp/cmake)
[0.379s] -- Using all available rosidl_typesupport_c: rosidl_typesupport_fastrtps_c;rosidl_typesupport_introspection_c
[0.381s] -- Found rosidl_adapter: 1.3.1 (/opt/ros/foxy/share/rosidl_adapter/cmake)
[0.473s] -- Using all available rosidl_typesupport_cpp: rosidl_typesupport_fastrtps_cpp;rosidl_typesupport_introspection_cpp
[0.509s] -- Found rmw_implementation_cmake: 1.0.4 (/opt/ros/foxy/share/rmw_implementation_cmake/cmake)
[0.510s] -- Using RMW implementation 'rmw_fastrtps_cpp' as default
[0.603s] -- Found arm_interfaces: 0.0.0 (/home/olel/Projects/FPMagangBayu24/install/arm_interfaces/share/arm_interfaces/cmake)
[0.610s] -- Found ament_lint_auto: 0.9.8 (/opt/ros/foxy/share/ament_lint_auto/cmake)
[0.669s] -- Added test 'copyright' to check source files copyright and LICENSE
[0.670s] -- Added test 'cppcheck' to perform static code analysis on C / C++ code
[0.670s] -- Configured cppcheck include dirs: 
[0.670s] -- Configured cppcheck exclude dirs and/or files: 
[0.671s] -- Added test 'cpplint' to check C / C++ code against the Google style
[0.671s] -- Configured cpplint exclude dirs and/or files: 
[0.671s] -- Added test 'lint_cmake' to check CMake code style
[0.672s] -- Added test 'uncrustify' to check C / C++ code style
[0.672s] -- Configured uncrustify additional arguments: 
[0.672s] -- Added test 'xmllint' to check XML markup files
[0.673s] -- Configuring done (0.5s)
[0.679s] -- Generating done (0.0s)
[0.680s] -- Build files have been written to: /home/olel/Projects/FPMagangBayu24/build/translator
[0.685s] Invoked command in '/home/olel/Projects/FPMagangBayu24/build/translator' returned '0': AMENT_PREFIX_PATH=/home/olel/Projects/FPMagangBayu24/install/arm_interfaces:${AMENT_PREFIX_PATH} CMAKE_PREFIX_PATH=/home/olel/Projects/FPMagangBayu24/install/arm_interfaces:/opt/ros/foxy LD_LIBRARY_PATH=/home/olel/Projects/FPMagangBayu24/install/arm_interfaces/lib:${LD_LIBRARY_PATH} PYTHONPATH=/home/olel/Projects/FPMagangBayu24/install/arm_interfaces/lib/python3.8/site-packages:${PYTHONPATH} /usr/local/bin/cmake /home/olel/Projects/FPMagangBayu24/src/translator -DCMAKE_INSTALL_PREFIX=/home/olel/Projects/FPMagangBayu24/install/translator
[0.689s] Invoking command in '/home/olel/Projects/FPMagangBayu24/build/translator': AMENT_PREFIX_PATH=/home/olel/Projects/FPMagangBayu24/install/arm_interfaces:${AMENT_PREFIX_PATH} CMAKE_PREFIX_PATH=/home/olel/Projects/FPMagangBayu24/install/arm_interfaces:/opt/ros/foxy LD_LIBRARY_PATH=/home/olel/Projects/FPMagangBayu24/install/arm_interfaces/lib:${LD_LIBRARY_PATH} PYTHONPATH=/home/olel/Projects/FPMagangBayu24/install/arm_interfaces/lib/python3.8/site-packages:${PYTHONPATH} /usr/local/bin/cmake --build /home/olel/Projects/FPMagangBayu24/build/translator -- -j16 -l16
[0.709s] [ 50%] [32mBuilding CXX object CMakeFiles/bot_translatator.dir/src/translator.cpp.o[0m
[1.787s] [01m[K/home/olel/Projects/FPMagangBayu24/src/translator/src/translator.cpp:31:23:[m[K [01;31m[Kerror: [m[Kâ€˜[01m[Kstd_msgs[m[Kâ€™ was not declared in this scope
[1.787s]    31 |     rclcpp::Publisher<[01;31m[Kstd_msgs[m[K::msg::String>::SharedPtr publisher_;
[1.787s]       |                       [01;31m[K^~~~~~~~[m[K
[1.787s] [01m[K/home/olel/Projects/FPMagangBayu24/src/translator/src/translator.cpp:31:44:[m[K [01;31m[Kerror: [m[Ktemplate argument 1 is invalid
[1.787s]    31 |     rclcpp::Publisher<std_msgs::msg::String[01;31m[K>[m[K::SharedPtr publisher_;
[1.788s]       |                                            [01;31m[K^[m[K
[1.788s] [01m[K/home/olel/Projects/FPMagangBayu24/src/translator/src/translator.cpp:31:47:[m[K [01;31m[Kerror: [m[Kexpected â€˜[01m[K;[m[Kâ€™ at end of member declaration
[1.788s]    31 |     rclcpp::Publisher<std_msgs::msg::String>::[01;31m[KSharedPtr[m[K publisher_;
[1.788s]       |                                               [01;31m[K^~~~~~~~~[m[K
[1.788s]       |                                                        [32m[K;[m[K
[1.788s] [01m[K/home/olel/Projects/FPMagangBayu24/src/translator/src/translator.cpp:31:57:[m[K [01;31m[Kerror: [m[Kâ€˜[01m[Kpublisher_[m[Kâ€™ does not name a type; did you mean â€˜[01m[Krcl_publisher_t[m[Kâ€™?
[1.788s]    31 |     rclcpp::Publisher<std_msgs::msg::String>::SharedPtr [01;31m[Kpublisher_[m[K;
[1.789s]       |                                                         [01;31m[K^~~~~~~~~~[m[K
[1.789s]       |                                                         [32m[Krcl_publisher_t[m[K
[1.791s] [01m[K/home/olel/Projects/FPMagangBayu24/src/translator/src/translator.cpp:[m[K In constructor â€˜[01m[KTranslatorTicTacToe::TranslatorTicTacToe()[m[Kâ€™:
[1.791s] [01m[K/home/olel/Projects/FPMagangBayu24/src/translator/src/translator.cpp:17:7:[m[K [01;31m[Kerror: [m[Kâ€˜[01m[Kpublisher_[m[Kâ€™ was not declared in this scope; did you mean â€˜[01m[Krcl_publisher_t[m[Kâ€™?
[1.791s]    17 |       [01;31m[Kpublisher_[m[K = this->create_publisher<std_msgs::msg::String>("topic_tes", 10);
[1.791s]       |       [01;31m[K^~~~~~~~~~[m[K
[1.791s]       |       [32m[Krcl_publisher_t[m[K
[1.792s] [01m[K/home/olel/Projects/FPMagangBayu24/src/translator/src/translator.cpp:17:43:[m[K [01;31m[Kerror: [m[Kâ€˜[01m[Kstd_msgs[m[Kâ€™ was not declared in this scope
[1.792s]    17 |       publisher_ = this->create_publisher<[01;31m[Kstd_msgs[m[K::msg::String>("topic_tes", 10);
[1.793s]       |                                           [01;31m[K^~~~~~~~[m[K
[1.793s] [01m[K/home/olel/Projects/FPMagangBayu24/src/translator/src/translator.cpp:17:26:[m[K [01;31m[Kerror: [m[Kparse error in template argument list
[1.793s]    17 |       publisher_ = this->[01;31m[Kcreate_publisher<std_msgs::msg::String>[m[K("topic_tes", 10);
[1.793s]       |                          [01;31m[K^~~~~~~~~~~~~~~~~~~~~~~~~~~~~~~~~~~~~~~[m[K
[1.793s] [01m[K/home/olel/Projects/FPMagangBayu24/src/translator/src/translator.cpp:17:81:[m[K [01;31m[Kerror: [m[Kno matching function for call to â€˜[01m[KTranslatorTicTacToe::create_publisher<<expression error> >(const char [10], int)[m[Kâ€™
[1.793s]    17 |       publisher_ = this->create_publisher<std_msgs::msg::String>("topic_tes", 10[01;31m[K)[m[K;
[1.793s]       |                                                                                 [01;31m[K^[m[K
[1.793s] In file included from [01m[K/opt/ros/foxy/include/rclcpp/executors/single_threaded_executor.hpp:28[m[K,
[1.794s]                  from [01m[K/opt/ros/foxy/include/rclcpp/executors.hpp:22[m[K,
[1.794s]                  from [01m[K/opt/ros/foxy/include/rclcpp/rclcpp.hpp:146[m[K,
[1.794s]                  from [01m[K/home/olel/Projects/FPMagangBayu24/src/translator/src/translator.cpp:6[m[K:
[1.794s] [01m[K/opt/ros/foxy/include/rclcpp/node.hpp:184:3:[m[K [01;36m[Knote: [m[Kcandidate: â€˜[01m[Ktemplate<class MessageT, class AllocatorT, class PublisherT> std::shared_ptr<PublisherT> rclcpp::Node::create_publisher(const string&, const rclcpp::QoS&, const rclcpp::PublisherOptionsWithAllocator<AllocatorT>&)[m[Kâ€™
[1.794s]   184 |   [01;36m[Kcreate_publisher[m[K(
[1.794s]       |   [01;36m[K^~~~~~~~~~~~~~~~[m[K
[1.794s] [01m[K/opt/ros/foxy/include/rclcpp/node.hpp:184:3:[m[K [01;36m[Knote: [m[K  template argument deduction/substitution failed:
[1.794s] [01m[K/home/olel/Projects/FPMagangBayu24/src/translator/src/translator.cpp:17:81:[m[K [01;31m[Kerror: [m[Ktemplate argument 1 is invalid
[1.794s]    17 |       publisher_ = this->create_publisher<std_msgs::msg::String>("topic_tes", 10[01;31m[K)[m[K;
[1.794s]       |                                                                                 [01;31m[K^[m[K
[1.794s] [01m[K/home/olel/Projects/FPMagangBayu24/src/translator/src/translator.cpp:19:25:[m[K [01;31m[Kerror: [m[Kâ€˜[01m[KMinimalPublisher[m[Kâ€™ has not been declared
[1.795s]    19 |       500ms, std::bind(&[01;31m[KMinimalPublisher[m[K::timer_callback, this));
[1.795s]       |                         [01;31m[K^~~~~~~~~~~~~~~~[m[K
[1.795s] In file included from [01m[K/opt/ros/foxy/include/rclcpp/client.hpp:40[m[K,
[1.795s]                  from [01m[K/opt/ros/foxy/include/rclcpp/callback_group.hpp:23[m[K,
[1.795s]                  from [01m[K/opt/ros/foxy/include/rclcpp/any_executable.hpp:20[m[K,
[1.795s]                  from [01m[K/opt/ros/foxy/include/rclcpp/memory_strategy.hpp:24[m[K,
[1.795s]                  from [01m[K/opt/ros/foxy/include/rclcpp/memory_strategies.hpp:18[m[K,
[1.795s]                  from [01m[K/opt/ros/foxy/include/rclcpp/executor_options.hpp:20[m[K,
[1.795s]                  from [01m[K/opt/ros/foxy/include/rclcpp/executor.hpp:33[m[K,
[1.795s]                  from [01m[K/opt/ros/foxy/include/rclcpp/executors/multi_threaded_executor.hpp:26[m[K,
[1.795s]                  from [01m[K/opt/ros/foxy/include/rclcpp/executors.hpp:21[m[K,
[1.795s]                  from [01m[K/opt/ros/foxy/include/rclcpp/rclcpp.hpp:146[m[K,
[1.796s]                  from [01m[K/home/olel/Projects/FPMagangBayu24/src/translator/src/translator.cpp:6[m[K:
[1.796s] [01m[K/home/olel/Projects/FPMagangBayu24/src/translator/src/translator.cpp:[m[K In member function â€˜[01m[Kvoid TranslatorTicTacToe::timer_callback()[m[Kâ€™:
[1.796s] [01m[K/home/olel/Projects/FPMagangBayu24/src/translator/src/translator.cpp:27:67:[m[K [01;31m[Kerror: [m[Kâ€˜[01m[Kstruct arm_interfaces::msg::ServoParameters_<std::allocator<void> >[m[Kâ€™ has no member named â€˜[01m[Kdata[m[Kâ€™
[1.796s]    27 |       RCLCPP_INFO(this->get_logger(), "Publishing: '%s'", message.[01;31m[Kdata[m[K.c_str());
[1.796s]       |                                                                   [01;31m[K^~~~[m[K
[1.796s] [01m[K/home/olel/Projects/FPMagangBayu24/src/translator/src/translator.cpp:28:7:[m[K [01;31m[Kerror: [m[Kâ€˜[01m[Kpublisher_[m[Kâ€™ was not declared in this scope; did you mean â€˜[01m[Krcl_publisher_t[m[Kâ€™?
[1.796s]    28 |       [01;31m[Kpublisher_[m[K->publish(message);
[1.796s]       |       [01;31m[K^~~~~~~~~~[m[K
[1.797s]       |       [32m[Krcl_publisher_t[m[K
[1.797s] [01m[K/home/olel/Projects/FPMagangBayu24/src/translator/src/translator.cpp:[m[K In function â€˜[01m[Kint main(int, char**)[m[Kâ€™:
[1.797s] [01m[K/home/olel/Projects/FPMagangBayu24/src/translator/src/translator.cpp:38:33:[m[K [01;31m[Kerror: [m[Kâ€˜[01m[KMinimalPublisher[m[Kâ€™ was not declared in this scope
[1.797s]    38 |   rclcpp::spin(std::make_shared<[01;31m[KMinimalPublisher[m[K>());
[1.797s]       |                                 [01;31m[K^~~~~~~~~~~~~~~~[m[K
[1.797s] [01m[K/home/olel/Projects/FPMagangBayu24/src/translator/src/translator.cpp:38:51:[m[K [01;31m[Kerror: [m[Kno matching function for call to â€˜[01m[Kmake_shared<<expression error> >()[m[Kâ€™
[1.797s]    38 |   rclcpp::spin(std::make_shared<MinimalPublisher>([01;31m[K)[m[K);
[1.797s]       |                                                   [01;31m[K^[m[K
[1.797s] In file included from [01m[K/usr/include/c++/9/memory:81[m[K,
[1.797s]                  from [01m[K/home/olel/Projects/FPMagangBayu24/src/translator/src/translator.cpp:3[m[K:
[1.797s] [01m[K/usr/include/c++/9/bits/shared_ptr.h:714:5:[m[K [01;36m[Knote: [m[Kcandidate: â€˜[01m[Ktemplate<class _Tp, class ... _Args> std::shared_ptr<_Tp> std::make_shared(_Args&& ...)[m[Kâ€™
[1.797s]   714 |     [01;36m[Kmake_shared[m[K(_Args&&... __args)
[1.797s]       |     [01;36m[K^~~~~~~~~~~[m[K
[1.797s] [01m[K/usr/include/c++/9/bits/shared_ptr.h:714:5:[m[K [01;36m[Knote: [m[K  template argument deduction/substitution failed:
[1.797s] [01m[K/home/olel/Projects/FPMagangBayu24/src/translator/src/translator.cpp:38:51:[m[K [01;31m[Kerror: [m[Ktemplate argument 1 is invalid
[1.797s]    38 |   rclcpp::spin(std::make_shared<MinimalPublisher>([01;31m[K)[m[K);
[1.797s]       |                                                   [01;31m[K^[m[K
[2.087s] make[2]: *** [CMakeFiles/bot_translatator.dir/build.make:76: CMakeFiles/bot_translatator.dir/src/translator.cpp.o] Error 1
[2.087s] make[1]: *** [CMakeFiles/Makefile2:137: CMakeFiles/bot_translatator.dir/all] Error 2
[2.088s] make: *** [Makefile:146: all] Error 2
[2.090s] Invoked command in '/home/olel/Projects/FPMagangBayu24/build/translator' returned '2': AMENT_PREFIX_PATH=/home/olel/Projects/FPMagangBayu24/install/arm_interfaces:${AMENT_PREFIX_PATH} CMAKE_PREFIX_PATH=/home/olel/Projects/FPMagangBayu24/install/arm_interfaces:/opt/ros/foxy LD_LIBRARY_PATH=/home/olel/Projects/FPMagangBayu24/install/arm_interfaces/lib:${LD_LIBRARY_PATH} PYTHONPATH=/home/olel/Projects/FPMagangBayu24/install/arm_interfaces/lib/python3.8/site-packages:${PYTHONPATH} /usr/local/bin/cmake --build /home/olel/Projects/FPMagangBayu24/build/translator -- -j16 -l16
